d:\yoozoo\recastnavigation\recastdemo\build\vs2019\obj\win64\debug\recast\recast.pdb
d:\yoozoo\recastnavigation\recastdemo\build\vs2019\obj\win64\debug\recast\recast.idb
d:\yoozoo\recastnavigation\recastdemo\build\vs2019\obj\win64\debug\recast\recastregion.obj
d:\yoozoo\recastnavigation\recastdemo\build\vs2019\obj\win64\debug\recast\recastrasterization.obj
d:\yoozoo\recastnavigation\recastdemo\build\vs2019\obj\win64\debug\recast\recastmeshdetail.obj
d:\yoozoo\recastnavigation\recastdemo\build\vs2019\obj\win64\debug\recast\recastmesh.obj
d:\yoozoo\recastnavigation\recastdemo\build\vs2019\obj\win64\debug\recast\recastlayers.obj
d:\yoozoo\recastnavigation\recastdemo\build\vs2019\obj\win64\debug\recast\recastfilter.obj
d:\yoozoo\recastnavigation\recastdemo\build\vs2019\obj\win64\debug\recast\recastcontour.obj
d:\yoozoo\recastnavigation\recastdemo\build\vs2019\obj\win64\debug\recast\recastassert.obj
d:\yoozoo\recastnavigation\recastdemo\build\vs2019\obj\win64\debug\recast\recastarea.obj
d:\yoozoo\recastnavigation\recastdemo\build\vs2019\obj\win64\debug\recast\recastalloc.obj
d:\yoozoo\recastnavigation\recastdemo\build\vs2019\obj\win64\debug\recast\recast.obj
d:\kent\recastnav.git\recastdemo\build\vs2019\obj\win64\debug\recast\recast.pdb
d:\kent\recastnav.git\recastdemo\build\vs2019\obj\win64\debug\recast\recast.idb
d:\kent\recastnav.git\recastdemo\build\vs2019\obj\win64\debug\recast\recastregion.obj
d:\kent\recastnav.git\recastdemo\build\vs2019\obj\win64\debug\recast\recastrasterization.obj
d:\kent\recastnav.git\recastdemo\build\vs2019\obj\win64\debug\recast\recastmeshdetail.obj
d:\kent\recastnav.git\recastdemo\build\vs2019\obj\win64\debug\recast\recastmesh.obj
d:\kent\recastnav.git\recastdemo\build\vs2019\obj\win64\debug\recast\recastlayers.obj
d:\kent\recastnav.git\recastdemo\build\vs2019\obj\win64\debug\recast\recastfilter.obj
d:\kent\recastnav.git\recastdemo\build\vs2019\obj\win64\debug\recast\recastcontour.obj
d:\kent\recastnav.git\recastdemo\build\vs2019\obj\win64\debug\recast\recastastar.obj
d:\kent\recastnav.git\recastdemo\build\vs2019\obj\win64\debug\recast\recastassert.obj
d:\kent\recastnav.git\recastdemo\build\vs2019\obj\win64\debug\recast\recastarea.obj
d:\kent\recastnav.git\recastdemo\build\vs2019\obj\win64\debug\recast\recastalloc.obj
d:\kent\recastnav.git\recastdemo\build\vs2019\obj\win64\debug\recast\recast.obj
d:\kent\recastnav.git\recastdemo\build\vs2019\lib\debug\recast.pdb
d:\kent\recastnav.git\recastdemo\build\vs2019\lib\debug\recast.idb
d:\yoozoo\recastnavigation\recastdemo\build\vs2019\lib\debug\recast.lib
d:\kent\recastnav.git\recastdemo\build\vs2019\lib\debug\recast.lib
d:\kent\recastnav.git\recastdemo\build\vs2019\obj\win64\debug\recast\recast.tlog\cl.command.1.tlog
d:\kent\recastnav.git\recastdemo\build\vs2019\obj\win64\debug\recast\recast.tlog\cl.read.1.tlog
d:\kent\recastnav.git\recastdemo\build\vs2019\obj\win64\debug\recast\recast.tlog\cl.write.1.tlog
d:\kent\recastnav.git\recastdemo\build\vs2019\obj\win64\debug\recast\recast.tlog\lib-link.read.1.tlog
d:\kent\recastnav.git\recastdemo\build\vs2019\obj\win64\debug\recast\recast.tlog\lib-link.write.1.tlog
d:\kent\recastnav.git\recastdemo\build\vs2019\obj\win64\debug\recast\recast.tlog\lib.command.1.tlog
