d:\yoozoo\recastnavigation\recastdemo\build\vs2019\obj\win64\debug\detour\detour.pdb
d:\yoozoo\recastnavigation\recastdemo\build\vs2019\obj\win64\debug\detour\detour.idb
d:\yoozoo\recastnavigation\recastdemo\build\vs2019\obj\win64\debug\detour\detournode.obj
d:\yoozoo\recastnavigation\recastdemo\build\vs2019\obj\win64\debug\detour\detournavmeshquery.obj
d:\yoozoo\recastnavigation\recastdemo\build\vs2019\obj\win64\debug\detour\detournavmeshbuilder.obj
d:\yoozoo\recastnavigation\recastdemo\build\vs2019\obj\win64\debug\detour\detournavmesh.obj
d:\yoozoo\recastnavigation\recastdemo\build\vs2019\obj\win64\debug\detour\detourcommon.obj
d:\yoozoo\recastnavigation\recastdemo\build\vs2019\obj\win64\debug\detour\detourassert.obj
d:\yoozoo\recastnavigation\recastdemo\build\vs2019\obj\win64\debug\detour\detouralloc.obj
d:\kent\recastnav.git\recastdemo\build\vs2019\obj\win64\debug\detour\detour.pdb
d:\kent\recastnav.git\recastdemo\build\vs2019\obj\win64\debug\detour\detour.idb
d:\kent\recastnav.git\recastdemo\build\vs2019\obj\win64\debug\detour\detournode.obj
d:\kent\recastnav.git\recastdemo\build\vs2019\obj\win64\debug\detour\detournavmeshquery.obj
d:\kent\recastnav.git\recastdemo\build\vs2019\obj\win64\debug\detour\detournavmeshbuilder.obj
d:\kent\recastnav.git\recastdemo\build\vs2019\obj\win64\debug\detour\detournavmesh.obj
d:\kent\recastnav.git\recastdemo\build\vs2019\obj\win64\debug\detour\detourcommon.obj
d:\kent\recastnav.git\recastdemo\build\vs2019\obj\win64\debug\detour\detourassert.obj
d:\kent\recastnav.git\recastdemo\build\vs2019\obj\win64\debug\detour\detouralloc.obj
d:\kent\recastnav.git\recastdemo\build\vs2019\lib\debug\detour.pdb
d:\kent\recastnav.git\recastdemo\build\vs2019\lib\debug\detour.idb
d:\yoozoo\recastnavigation\recastdemo\build\vs2019\lib\debug\detour.lib
d:\kent\recastnav.git\recastdemo\build\vs2019\lib\debug\detour.lib
d:\kent\recastnav.git\recastdemo\build\vs2019\obj\win64\debug\detour\detour.tlog\cl.command.1.tlog
d:\kent\recastnav.git\recastdemo\build\vs2019\obj\win64\debug\detour\detour.tlog\cl.read.1.tlog
d:\kent\recastnav.git\recastdemo\build\vs2019\obj\win64\debug\detour\detour.tlog\cl.write.1.tlog
d:\kent\recastnav.git\recastdemo\build\vs2019\obj\win64\debug\detour\detour.tlog\lib-link.read.1.tlog
d:\kent\recastnav.git\recastdemo\build\vs2019\obj\win64\debug\detour\detour.tlog\lib-link.write.1.tlog
d:\kent\recastnav.git\recastdemo\build\vs2019\obj\win64\debug\detour\detour.tlog\lib.command.1.tlog
