d:\kent\recastnav.git\recastdemo\build\vs2019\lib\release\recast.pdb
d:\kent\recastnav.git\recastdemo\build\vs2019\obj\win64\release\recast\recastregion.obj
d:\kent\recastnav.git\recastdemo\build\vs2019\obj\win64\release\recast\recastrasterization.obj
d:\kent\recastnav.git\recastdemo\build\vs2019\obj\win64\release\recast\recastmeshdetail.obj
d:\kent\recastnav.git\recastdemo\build\vs2019\obj\win64\release\recast\recastmesh.obj
d:\kent\recastnav.git\recastdemo\build\vs2019\obj\win64\release\recast\recastlayers.obj
d:\kent\recastnav.git\recastdemo\build\vs2019\obj\win64\release\recast\recastfilter.obj
d:\kent\recastnav.git\recastdemo\build\vs2019\obj\win64\release\recast\recastcontour.obj
d:\kent\recastnav.git\recastdemo\build\vs2019\obj\win64\release\recast\recastastar.obj
d:\kent\recastnav.git\recastdemo\build\vs2019\obj\win64\release\recast\recastassert.obj
d:\kent\recastnav.git\recastdemo\build\vs2019\obj\win64\release\recast\recastarea.obj
d:\kent\recastnav.git\recastdemo\build\vs2019\obj\win64\release\recast\recastalloc.obj
d:\kent\recastnav.git\recastdemo\build\vs2019\obj\win64\release\recast\recast.obj
d:\kent\recastnav.git\recastdemo\build\vs2019\lib\release\recast.lib
d:\kent\recastnav.git\recastdemo\build\vs2019\obj\win64\release\recast\recast.tlog\cl.command.1.tlog
d:\kent\recastnav.git\recastdemo\build\vs2019\obj\win64\release\recast\recast.tlog\cl.read.1.tlog
d:\kent\recastnav.git\recastdemo\build\vs2019\obj\win64\release\recast\recast.tlog\cl.write.1.tlog
d:\kent\recastnav.git\recastdemo\build\vs2019\obj\win64\release\recast\recast.tlog\lib-link.read.1.tlog
d:\kent\recastnav.git\recastdemo\build\vs2019\obj\win64\release\recast\recast.tlog\lib-link.write.1.tlog
d:\kent\recastnav.git\recastdemo\build\vs2019\obj\win64\release\recast\recast.tlog\lib.command.1.tlog
