d:\yoozoo\recastnavigation\recastdemo\build\vs2019\recastnavdll\x64\release\vc142.pdb
d:\yoozoo\recastnavigation\recastdemo\build\vs2019\recastnavdll\x64\release\crecasthelper.obj
d:\yoozoo\recastnavigation\recastdemo\build\vs2019\recastnavdll\x64\release\recastdll.obj
d:\kent\recastnav.git\recastdemo\build\vs2019\recastnavdll\x64\release\vc142.pdb
d:\kent\recastnav.git\recastdemo\build\vs2019\recastnavdll\x64\release\recastdll.obj
d:\kent\recastnav.git\recastdemo\build\vs2019\recastnavdll\x64\release\crecasthelper.obj
d:\yoozoo\recastnavigation\recastdemo\build\vs2019\x64\release\recastnavdll.dll
d:\yoozoo\recastnavigation\recastdemo\build\vs2019\x64\release\recastnavdll.pdb
d:\kent\recastnav.git\recastdemo\build\vs2019\x64\release\recastnavdll.dll
d:\kent\recastnav.git\recastdemo\build\vs2019\x64\release\recastnavdll.pdb
d:\yoozoo\recastnavigation\recastdemo\build\vs2019\x64\release\recastnavdll.ipdb
d:\yoozoo\recastnavigation\recastdemo\build\vs2019\x64\release\recastnavdll.iobj
d:\yoozoo\recastnavigation\recastdemo\build\vs2019\x64\release\recastnavdll.lib
d:\yoozoo\recastnavigation\recastdemo\build\vs2019\x64\release\recastnavdll.exp
d:\kent\recastnav.git\recastdemo\build\vs2019\x64\release\recastnavdll.lib
d:\kent\recastnav.git\recastdemo\build\vs2019\x64\release\recastnavdll.exp
d:\kent\recastnav.git\recastdemo\build\vs2019\x64\release\recastnavdll.ipdb
d:\kent\recastnav.git\recastdemo\build\vs2019\x64\release\recastnavdll.iobj
d:\kent\recastnav.git\recastdemo\build\vs2019\recastnavdll\x64\release\recastnavdll.tlog\cl.command.1.tlog
d:\kent\recastnav.git\recastdemo\build\vs2019\recastnavdll\x64\release\recastnavdll.tlog\cl.read.1.tlog
d:\kent\recastnav.git\recastdemo\build\vs2019\recastnavdll\x64\release\recastnavdll.tlog\cl.write.1.tlog
d:\kent\recastnav.git\recastdemo\build\vs2019\recastnavdll\x64\release\recastnavdll.tlog\link.command.1.tlog
d:\kent\recastnav.git\recastdemo\build\vs2019\recastnavdll\x64\release\recastnavdll.tlog\link.delete.1.tlog
d:\kent\recastnav.git\recastdemo\build\vs2019\recastnavdll\x64\release\recastnavdll.tlog\link.read.1.tlog
d:\kent\recastnav.git\recastdemo\build\vs2019\recastnavdll\x64\release\recastnavdll.tlog\link.write.1.tlog
d:\kent\recastnav.git\recastdemo\build\vs2019\recastnavdll\x64\release\recastnavdll.tlog\recastnavdll.write.1u.tlog
